<?xml version="1.0" encoding="UTF-8"?>
<!-- Generated by org.testng.reporters.JUnitReportReporter -->
<testsuite skipped="0" hostname="Lokeshs-Air" name="com.makemytrip.flighTest.FlightBookingTest" tests="1" failures="0" timestamp="22 Apr 2019 18:43:40 GMT" time="10.907" errors="0">
  <testcase name="searchFlightsTest" time="10.907" classname="com.makemytrip.flighTest.FlightBookingTest"/>
</testsuite> <!-- com.makemytrip.flighTest.FlightBookingTest -->
